*** Life<ConwayCell> 5x5 ***

Generation = 0, Population = 5.
*****
.....
.....
.....
.....

Generation = 1, Population = 6.
.***.
.***.
.....
.....
.....

Generation = 2, Population = 5.
.*.*.
.*.*.
..*..
.....
.....

Generation = 3, Population = 3.
.....
.*.*.
..*..
.....
.....

Generation = 4, Population = 2.
.....
..*..
..*..
.....
.....

Generation = 5, Population = 0.
.....
.....
.....
.....
.....

*** Life<ConwayCell> 5x5 ***

Generation = 0, Population = 10.
*****
.....
.....
.....
*****

Generation = 1, Population = 12.
.***.
.***.
.....
.***.
.***.

Generation = 2, Population = 8.
.*.*.
.*.*.
.....
.*.*.
.*.*.

Generation = 3, Population = 0.
.....
.....
.....
.....
.....

*** Life<ConwayCell> 5x5 ***

Generation = 0, Population = 16.
*****
*...*
*...*
*...*
*****

Generation = 1, Population = 20.
*****
*.*.*
**.**
*.*.*
*****

Generation = 2, Population = 8.
*.*.*
.....
*...*
.....
*.*.*

Generation = 3, Population = 4.
.....
.*.*.
.....
.*.*.
.....

Generation = 4, Population = 0.
.....
.....
.....
.....
.....

*** Life<ConwayCell> 10x10 ***

Generation = 0, Population = 19.
.....*....
.....*....
.....*....
.....*....
**********
.....*****
..........
..........
..........
..........

Generation = 1, Population = 22.
..........
....***...
....***...
.***...**.
.***.....*
.***.....*
......***.
..........
..........
..........

Generation = 2, Population = 20.
.....*....
....*.*...
..*.......
.*...****.
*...*....*
.*.*...*.*
..*....**.
.......*..
..........
..........

Generation = 3, Population = 23.
.....*....
.....*....
..........
.*...****.
***.**...*
.***...*.*
..*...**..
.......**.
..........
..........

Generation = 4, Population = 25.
..........
..........
.....*.*..
***.*****.
*...**...*
*...**.*..
.***..*...
......***.
..........
..........
