*** Life<FredkinCell> 5x5 ***

Generation = 0, Population = 5.
00000
-----
-----
-----
-----

Generation = 1, Population = 7.
1---1
00000
-----
-----
-----

Generation = 2, Population = 8.
2-0-2
-----
00000
-----
-----

Generation = 3, Population = 9.
-----
-0-0-
1---1
00000
-----

Generation = 4, Population = 12.
-0-0-
-----
20002
-----
00000

Generation = 5, Population = 9.
2---2
0-0-0
3---3
-----
1---1

*** Life<FredkinCell> 5x5 ***

Generation = 0, Population = 10.
00000
-----
-----
-----
00000

Generation = 1, Population = 14.
1---1
00000
-----
00000
1---1

Generation = 2, Population = 6.
2-0-2
-----
-----
-----
2-0-2

Generation = 3, Population = 6.
-----
0-0-0
-----
0-0-0
-----

*** Life<FredkinCell> 5x5 ***

Generation = 0, Population = 16.
00000
0---0
0---0
0---0
00000

Generation = 1, Population = 4.
-----
--0--
-0-0-
--0--
-----

Generation = 2, Population = 4.
--0--
-----
0---0
-----
--0--

Generation = 3, Population = 12.
-0-0-
0-0-0
-0-0-
0-0-0
-0-0-

Generation = 4, Population = 4.
--0--
-----
0---0
-----
--0--

*** Life<FredkinCell> 10x10 ***

Generation = 0, Population = 19.
-----0----
-----0----
-----0----
-----0----
0000000000
-----0----
-----0----
-----0----
-----0----
-----0----

Generation = 1, Population = 32.
----010---
----0-0---
----0-0---
0000---000
1--------1
0000---000
----0-0---
----0-0---
----0-0---
----010---

Generation = 2, Population = 32.
---0---0--
---0-0-0--
000-1-1-00
---1---1--
-0------0-
---1---1--
000-1-1-00
---0---0--
---0-0-0--
---0---0--

Generation = 3, Population = 48.
--0101010-
00-10-01-0
1-1--0--11
0-------00
1-0----0-1
0-------00
1-1-----11
00-1-0-1-0
--0-----0-
--0101010-

Generation = 4, Population = 32.
0-121-121-
-1-------1
-0-------2
-0---0---1
---0--0---
-0-------1
-0---0---2
-1-------1
0-100-001-
-0-------0
