*** Life<Cell> 4x4 ***

Generation = 0, Population = 8.
----
0000
0000
----

Generation = 2, Population = 12.
1111
-**-
-**-
1111

Generation = 4, Population = 12.
.**.
0**0
0**0
.**.

Generation = 6, Population = 4.
....
0..0
0..0
....

Generation = 8, Population = 4.
....
*..*
*..*
....

*** Life<Cell> 4x4 ***

Generation = 0, Population = 16.
0000
0000
0000
0000

Generation = 1, Population = 8.
-11-
1--1
1--1
-11-

Generation = 2, Population = 8.
-**-
*--*
*--*
-**-

Generation = 3, Population = 8.
-**-
*--*
*--*
-**-

Generation = 4, Population = 8.
-**-
*--*
*--*
-**-

*** Life<Cell> 5x5 ***

Generation = 0, Population = 5.
00000
-----
-----
-----
-----

Generation = 2, Population = 8.
*-0-*
-----
00000
-----
-----

Generation = 4, Population = 12.
.0-0.
-----
*000*
-----
00000

Generation = 6, Population = 6.
.-0-.
-----
.-0-.
0---0
-0-0-

*** Life<Cell> 5x5 ***

Generation = 0, Population = 10.
00000
-----
-----
-----
00000

Generation = 3, Population = 6.
.---.
0-0-0
-----
0-0-0
.---.

Generation = 6, Population = 2.
.-0-.
-----
-----
-----
.-0-.

Generation = 9, Population = 6.
.0-0.
--0--
-----
--0--
.0-0.

*** Life<Cell> 5x5 ***

Generation = 0, Population = 16.
00000
0---0
0---0
0---0
00000

Generation = 1, Population = 4.
-----
--0--
-0-0-
--0--
-----

Generation = 2, Population = 4.
--0--
-----
0---0
-----
--0--

Generation = 3, Population = 12.
-0-0-
0-0-0
-0-0-
0-0-0
-0-0-

Generation = 4, Population = 4.
--0--
-----
0---0
-----
--0--
